2025-09-29 18:38:38,515 : INFO  : main :  : NodeLogger :  :  : #########################################################################################
2025-09-29 18:38:38,519 : INFO  : main :  : NodeLogger :  :  : #                                                                                       #
2025-09-29 18:38:38,519 : INFO  : main :  : NodeLogger :  :  : # Welcome to KNIME Analytics Platform v5.5.1.v202507241444 (Build July 30, 2025)        #
2025-09-29 18:38:38,519 : INFO  : main :  : NodeLogger :  :  : # Based on Eclipse, http://www.eclipse.org                                              #
2025-09-29 18:38:38,519 : INFO  : main :  : NodeLogger :  :  : #                                                                                       #
2025-09-29 18:38:38,545 : INFO  : main :  : NodeLogger :  :  : #########################################################################################
2025-09-29 18:38:38,545 : INFO  : main :  : NodeLogger :  :  : #                                                                                       #
2025-09-29 18:38:38,545 : INFO  : main :  : NodeLogger :  :  : # Copyright by KNIME AG, Zurich, Switzerland and others.                                #
2025-09-29 18:38:38,545 : INFO  : main :  : NodeLogger :  :  : # Website: http://www.knime.com                                                         #
2025-09-29 18:38:38,545 : INFO  : main :  : NodeLogger :  :  : # E-mail: contact@knime.com                                                             #
2025-09-29 18:38:38,545 : INFO  : main :  : NodeLogger :  :  : #                                                                                       #
2025-09-29 18:38:38,545 : INFO  : main :  : NodeLogger :  :  : #########################################################################################
2025-09-29 18:38:38,545 : INFO  : main :  : NodeLogger :  :  : # For more details see the KNIME log file:                                              #
2025-09-29 18:38:38,545 : INFO  : main :  : NodeLogger :  :  : # C:\Users\saiur\Documents\Equipo_MD_Knime\.metadata\knime\knime.log
2025-09-29 18:38:38,545 : INFO  : main :  : NodeLogger :  :  : #---------------------------------------------------------------------------------------#
2025-09-29 18:38:38,569 : INFO  : main :  : NodeLogger :  :  : # logging date=lun sep. 29 18:38:38 CDT 2025
2025-09-29 18:38:38,569 : INFO  : main :  : NodeLogger :  :  : # java.version=17.0.5
2025-09-29 18:38:38,569 : INFO  : main :  : NodeLogger :  :  : # java.vm.version=17.0.5+8
2025-09-29 18:38:38,569 : INFO  : main :  : NodeLogger :  :  : # java.vendor=Eclipse Adoptium
2025-09-29 18:38:38,569 : INFO  : main :  : NodeLogger :  :  : # os.name=Windows 11
2025-09-29 18:38:38,569 : INFO  : main :  : NodeLogger :  :  : # os.arch=amd64
2025-09-29 18:38:38,569 : INFO  : main :  : NodeLogger :  :  : # number of CPUs=16
2025-09-29 18:38:38,569 : INFO  : main :  : NodeLogger :  :  : # assertions=off
2025-09-29 18:38:38,577 : INFO  : main :  : NodeLogger :  :  : # host=Lenovo_sai
2025-09-29 18:38:38,583 : INFO  : main :  : NodeLogger :  :  : # username=saiur
2025-09-29 18:38:38,583 : INFO  : main :  : NodeLogger :  :  : # max mem=7060MB
2025-09-29 18:38:38,584 : INFO  : main :  : NodeLogger :  :  : # application=org.knime.product.KNIME_APPLICATION
2025-09-29 18:38:38,584 : INFO  : main :  : NodeLogger :  :  : # KNID=11-d0f07165680f7d53-01-11f7bb46730318f7
2025-09-29 18:38:38,584 : INFO  : main :  : NodeLogger :  :  : #########################################################################################
2025-09-29 18:38:38,584 : DEBUG : main :  : KNIMELogger :  :  : 12 messages were logged before logging was initialized; see below...
2025-09-29 18:38:23,874 : DEBUG : main :  : EclipseProxyServiceInitializer :  :  : (1/3) Opened OSGi service tracker for 'org.eclipse.core.net.proxy.IProxyService'
2025-09-29 18:38:23,938 : DEBUG : main :  : ApplicationHealth :  :  : Registering JMX bean for org.knime.core:type=Execution,name=GlobalPool
2025-09-29 18:38:23,938 : DEBUG : main :  : ApplicationHealth :  :  : Registering JMX bean for org.knime.core:type=Execution,name=NodeStates
2025-09-29 18:38:23,938 : DEBUG : main :  : ApplicationHealth :  :  : Registering JMX bean for org.knime.core:type=Memory,name=ObjectInstances
2025-09-29 18:38:23,951 : DEBUG : main :  : IEarlyStartup :  :  : Running application "org.knime.product.KNIME_APPLICATION"
2025-09-29 18:38:23,951 : DEBUG : main :  : IEarlyStartup :  :  : Moving from stage <none> to stage EARLIEST
2025-09-29 18:38:23,953 : DEBUG : main :  : IEarlyStartup :  :  : Executing startup hook `org.knime.core.node.logging.JavaUtilLoggingAdapter#run()` at stage EARLIEST
2025-09-29 18:38:23,953 : DEBUG : main :  : IEarlyStartup :  :  : Executing startup hook `org.knime.js.cef.CEFEarlyStartup#run()` at stage EARLIEST
2025-09-29 18:38:24,187 : DEBUG : main :  : KNIMEApplication :  :  : Checking for instance location
2025-09-29 18:38:38,346 : DEBUG : main :  : KNIMEApplication :  :  : Instance location set
2025-09-29 18:38:38,403 : DEBUG : main :  : IEarlyStartup :  :  : Moving from stage EARLIEST to stage AFTER_PROFILES_SET
2025-09-29 18:38:38,403 : DEBUG : main :  : IEarlyStartup :  :  : Executing startup hook `org.knime.core.node.logging.KNIMELogger$EarlyStartupInitializer#run()` at stage AFTER_PROFILES_SET
2025-09-29 18:38:38,584 : DEBUG : main :  : KNIMELogger :  :  : End of buffered log messages
2025-09-29 18:38:38,592 : DEBUG : main :  : IEarlyStartup :  :  : Executing startup hook `org.knime.core.eclipseUtil.EclipseProxyServiceInitializer#run()` at stage AFTER_PROFILES_SET
2025-09-29 18:38:38,821 : DEBUG : main :  : NativeProxyProviderWrapper :  :  : Invoked default constructor in class "class org.eclipse.core.internal.net.ProxyManager" via reflectionto forcibly create new instance
2025-09-29 18:38:38,821 : DEBUG : main :  : NativeProxyProviderWrapper :  :  : Forcibly set field "preferenceManager" in class "class org.eclipse.core.internal.net.ProxyManager" to "org.eclipse.core.internal.net.PreferenceManager@5e51ec2e" via reflection
2025-09-29 18:38:38,826 : DEBUG : main :  : NativeProxyProviderWrapper :  :  : Forcibly set field "nativeProxyProvider" in class "class org.eclipse.core.internal.net.ProxyManager" to "org.knime.core.eclipseUtil.NativeProxyProviderWrapper@243c4346" via reflection
2025-09-29 18:38:38,826 : DEBUG : main :  : EclipseProxyServiceInitializer :  :  : (3/3) Successfully installed proxy support
2025-09-29 18:38:38,826 : DEBUG : main :  : EclipseProxyServiceInitializer :  :  : (2/3) Initialized OSGi service 'org.eclipse.core.net.proxy.IProxyService'
2025-09-29 18:38:38,826 : DEBUG : main :  : IEarlyStartup :  :  : Executing startup hook `org.knime.core.internal.MountTableInitializerEarlyStartup#run()` at stage AFTER_PROFILES_SET
2025-09-29 18:38:39,841 : DEBUG : main :  : WorkbenchMountTable :  :  : Mounted Explorer Temp Space 'knime-temp-space' - com.knime.explorer.tempspace
2025-09-29 18:38:39,867 : DEBUG : main :  : IEarlyStartup :  :  : Executing startup hook `org.knime.ui.java.OnEarlyStartup#run()` at stage AFTER_PROFILES_SET
2025-09-29 18:38:39,890 : DEBUG : KNIME-Worker-0 :  : NodeFactoryProvider :  :  : Duplicate node factory id: org.knime.base.filehandling.filemetainfo.FileMetaInfoNodeFactory
2025-09-29 18:38:39,890 : DEBUG : KNIME-Worker-0 :  : NodeFactoryProvider :  :  : Duplicate node factory id: org.knime.base.node.preproc.filter.column.FilterColumnNodeFactory
2025-09-29 18:38:39,890 : DEBUG : KNIME-Worker-0 :  : NodeFactoryProvider :  :  : Duplicate node factory id: org.knime.base.node.preproc.joiner.NewJoinerNodeFactory
2025-09-29 18:38:39,890 : DEBUG : KNIME-Worker-0 :  : NodeFactoryProvider :  :  : Duplicate node factory id: org.knime.base.node.preproc.split.SplitNodeFactory
2025-09-29 18:38:39,890 : DEBUG : KNIME-Worker-0 :  : NodeFactoryProvider :  :  : Duplicate node factory id: org.knime.distmatrix.knn.KnnDistNodeFactory
2025-09-29 18:38:39,898 : DEBUG : KNIME-Worker-0 :  : NodeFactoryProvider :  :  : Collected NodeFactory extensions... found 1025 nodes (328 deprecated, 10 hidden) in 0.0s
2025-09-29 18:38:40,182 : DEBUG : KNIME-Worker-0 :  : NodeFactoryProvider :  :  : Collected NodeSetFactory extensions... found 3 node sets with 25 nodes in 0.3s
2025-09-29 18:38:40,409 : DEBUG : Node Repository Initializer :  : NodeSpecCache :  :  : Computing node specifications for KNIME AP Core feature
2025-09-29 18:38:40,838 : DEBUG : Node Repository Initializer :  : NodeSpecCache :  :  : Computing node specifications for KNIME Distance Matrix Extension
2025-09-29 18:38:40,865 : DEBUG : Node Repository Initializer :  : DistanceMeasureRepository :  :  : added factory: 'org.knime.base.node.mine.treeensemble2.distance.RandomForestDistanceFactory'
2025-09-29 18:38:40,868 : DEBUG : Node Repository Initializer :  : DistanceMeasureRepository :  :  : added factory: 'org.knime.distmatrix.calculate.measure.MatrixDistanceFactory'
2025-09-29 18:38:40,873 : DEBUG : Node Repository Initializer :  : DistanceMeasureRepository :  :  : added factory: 'org.knime.base.distance.measure.OldDistanceWrapperDistanceFactory'
2025-09-29 18:38:40,873 : DEBUG : Node Repository Initializer :  : DistanceMeasureRepository :  :  : added factory: 'org.knime.distance.measure.string.levenshtein.LevenshteinDistanceFactory'
2025-09-29 18:38:40,875 : DEBUG : Node Repository Initializer :  : DistanceMeasureRepository :  :  : added factory: 'org.knime.distance.measure.string.tversky.TverskyDistanceFactory'
2025-09-29 18:38:40,876 : DEBUG : Node Repository Initializer :  : DistanceMeasureRepository :  :  : added factory: 'org.knime.distance.measure.bitvector.cosine.CosineDistanceFactory'
2025-09-29 18:38:40,878 : DEBUG : Node Repository Initializer :  : DistanceMeasureRepository :  :  : added factory: 'org.knime.distance.measure.bitvector.tversky.TverskyDistanceFactory'
2025-09-29 18:38:40,880 : DEBUG : Node Repository Initializer :  : DistanceMeasureRepository :  :  : added factory: 'org.knime.base.distance.bytevector.CosineDistanceMeasureFactory'
2025-09-29 18:38:40,880 : DEBUG : Node Repository Initializer :  : DistanceMeasureRepository :  :  : added factory: 'org.knime.base.distance.bytevector.EuclideanDistanceMeasureFactory'
2025-09-29 18:38:40,880 : DEBUG : Node Repository Initializer :  : DistanceMeasureRepository :  :  : added factory: 'org.knime.base.distance.bytevector.ManhattanDistanceMeasureFactory'
2025-09-29 18:38:40,881 : DEBUG : Node Repository Initializer :  : DistanceMeasureRepository :  :  : added factory: 'org.knime.base.distance.bytevector.PNormDistanceMeasureFactory'
2025-09-29 18:38:40,881 : DEBUG : Node Repository Initializer :  : DistanceMeasureRepository :  :  : added factory: 'org.knime.distance.measure.numerical.lnorm.LNormDistanceFactory'
2025-09-29 18:38:40,884 : DEBUG : Node Repository Initializer :  : DistanceMeasureRepository :  :  : added factory: 'org.knime.distance.measure.numerical.cosine.CosineDistanceFactory'
2025-09-29 18:38:40,885 : DEBUG : Node Repository Initializer :  : DistanceMeasureRepository :  :  : added factory: 'org.knime.distance.measure.jsnippet.JSnippetDistanceFactory'
2025-09-29 18:38:40,885 : DEBUG : Node Repository Initializer :  : DistanceMeasureRepository :  :  : added factory: 'org.knime.distance.measure.jsnippet.aggregated.AggregatedDistanceFactory'
2025-09-29 18:38:40,885 : DEBUG : Node Repository Initializer :  : DistanceMeasureRepository :  :  : added factory: 'org.knime.distance.measure.mahalanobis.MahalanobisDistanceFactory'
2025-09-29 18:38:40,888 : DEBUG : Node Repository Initializer :  : DistanceMeasureRepository :  :  : added factory: 'org.knime.distance.measure.string.jarowinkler.JaroWinklerDistanceFactory'
2025-09-29 18:38:40,910 : DEBUG : Node Repository Initializer :  : DistanceMeasureDescriptionFactory :  :  : Loading description for factory: class org.knime.distance.measure.string.jarowinkler.JaroWinklerDistanceFactory
2025-09-29 18:38:40,932 : DEBUG : Node Repository Initializer :  : DistanceMeasureDescriptionFactory :  :  : Loading description for factory: class org.knime.distance.measure.string.jarowinkler.JaroWinklerDistanceFactory
2025-09-29 18:38:40,932 : DEBUG : Node Repository Initializer :  : DistanceMeasureDescriptionFactory :  :  : Loading description for factory: class org.knime.distance.measure.string.jarowinkler.JaroWinklerDistanceFactory
2025-09-29 18:38:40,949 : DEBUG : Node Repository Initializer :  : DistanceMeasureDescriptionFactory :  :  : Loading description for factory: class org.knime.distance.measure.string.jarowinkler.JaroWinklerDistanceFactory
2025-09-29 18:38:40,949 : DEBUG : Node Repository Initializer :  : DistanceMeasureDescriptionFactory :  :  : Loading description for factory: class org.knime.distance.measure.string.tversky.TverskyDistanceFactory
2025-09-29 18:38:40,957 : DEBUG : Node Repository Initializer :  : DistanceMeasureDescriptionFactory :  :  : Loading description for factory: class org.knime.distance.measure.string.tversky.TverskyDistanceFactory
2025-09-29 18:38:40,960 : DEBUG : Node Repository Initializer :  : DistanceMeasureDescriptionFactory :  :  : Loading description for factory: class org.knime.distance.measure.string.tversky.TverskyDistanceFactory
2025-09-29 18:38:40,960 : DEBUG : Node Repository Initializer :  : DistanceMeasureDescriptionFactory :  :  : Loading description for factory: class org.knime.distance.measure.string.tversky.TverskyDistanceFactory
2025-09-29 18:38:40,962 : DEBUG : Node Repository Initializer :  : DistanceMeasureDescriptionFactory :  :  : Loading description for factory: class org.knime.distance.measure.string.levenshtein.LevenshteinDistanceFactory
2025-09-29 18:38:40,964 : DEBUG : Node Repository Initializer :  : DistanceMeasureDescriptionFactory :  :  : Loading description for factory: class org.knime.distance.measure.string.levenshtein.LevenshteinDistanceFactory
2025-09-29 18:38:40,964 : DEBUG : Node Repository Initializer :  : DistanceMeasureDescriptionFactory :  :  : Loading description for factory: class org.knime.distance.measure.string.levenshtein.LevenshteinDistanceFactory
2025-09-29 18:38:40,964 : DEBUG : Node Repository Initializer :  : DistanceMeasureDescriptionFactory :  :  : Loading description for factory: class org.knime.distance.measure.string.levenshtein.LevenshteinDistanceFactory
2025-09-29 18:38:41,359 : DEBUG : Node Repository Initializer :  : HiLiteHandler :  :  : Adding hilite translator to handler 6e4e4bf3-f093-4278-b8ab-751231e31c67
2025-09-29 18:38:41,487 : DEBUG : Node Repository Initializer :  : HiLiteHandler :  :  : Adding hilite translator to handler 62e88e3d-a057-4960-8263-c68a3a569dc9
2025-09-29 18:38:41,546 : DEBUG : Node Repository Initializer :  : DistanceMeasureDescriptionFactory :  :  : Loading description for factory: class org.knime.distance.measure.numerical.lnorm.LNormDistanceFactory
2025-09-29 18:38:41,548 : DEBUG : Node Repository Initializer :  : DistanceMeasureDescriptionFactory :  :  : Loading description for factory: class org.knime.distance.measure.numerical.lnorm.LNormDistanceFactory
2025-09-29 18:38:41,548 : DEBUG : Node Repository Initializer :  : DistanceMeasureDescriptionFactory :  :  : Loading description for factory: class org.knime.distance.measure.numerical.lnorm.LNormDistanceFactory
2025-09-29 18:38:41,553 : DEBUG : Node Repository Initializer :  : DistanceMeasureDescriptionFactory :  :  : Loading description for factory: class org.knime.distance.measure.numerical.lnorm.LNormDistanceFactory
2025-09-29 18:38:41,557 : DEBUG : Node Repository Initializer :  : DistanceMeasureDescriptionFactory :  :  : Loading description for factory: class org.knime.distance.measure.numerical.cosine.CosineDistanceFactory
2025-09-29 18:38:41,557 : DEBUG : Node Repository Initializer :  : DistanceMeasureDescriptionFactory :  :  : Loading description for factory: class org.knime.distance.measure.numerical.cosine.CosineDistanceFactory
2025-09-29 18:38:41,557 : DEBUG : Node Repository Initializer :  : DistanceMeasureDescriptionFactory :  :  : Loading description for factory: class org.knime.distance.measure.numerical.cosine.CosineDistanceFactory
2025-09-29 18:38:41,557 : DEBUG : Node Repository Initializer :  : DistanceMeasureDescriptionFactory :  :  : Loading description for factory: class org.knime.distance.measure.numerical.cosine.CosineDistanceFactory
2025-09-29 18:38:41,568 : DEBUG : Node Repository Initializer :  : DistanceMeasureDescriptionFactory :  :  : Loading description for factory: class org.knime.base.distance.bytevector.EuclideanDistanceMeasureFactory
2025-09-29 18:38:41,568 : DEBUG : Node Repository Initializer :  : DistanceMeasureDescriptionFactory :  :  : Loading description for factory: class org.knime.base.distance.bytevector.EuclideanDistanceMeasureFactory
2025-09-29 18:38:41,568 : DEBUG : Node Repository Initializer :  : DistanceMeasureDescriptionFactory :  :  : Loading description for factory: class org.knime.base.distance.bytevector.EuclideanDistanceMeasureFactory
2025-09-29 18:38:41,568 : DEBUG : Node Repository Initializer :  : DistanceMeasureDescriptionFactory :  :  : Loading description for factory: class org.knime.base.distance.bytevector.EuclideanDistanceMeasureFactory
2025-09-29 18:38:41,581 : DEBUG : Node Repository Initializer :  : DistanceMeasureDescriptionFactory :  :  : Loading description for factory: class org.knime.base.distance.bytevector.CosineDistanceMeasureFactory
2025-09-29 18:38:41,584 : DEBUG : Node Repository Initializer :  : DistanceMeasureDescriptionFactory :  :  : Loading description for factory: class org.knime.base.distance.bytevector.CosineDistanceMeasureFactory
2025-09-29 18:38:41,584 : DEBUG : Node Repository Initializer :  : DistanceMeasureDescriptionFactory :  :  : Loading description for factory: class org.knime.base.distance.bytevector.CosineDistanceMeasureFactory
2025-09-29 18:38:41,584 : DEBUG : Node Repository Initializer :  : DistanceMeasureDescriptionFactory :  :  : Loading description for factory: class org.knime.base.distance.bytevector.CosineDistanceMeasureFactory
2025-09-29 18:38:41,588 : DEBUG : Node Repository Initializer :  : DistanceMeasureDescriptionFactory :  :  : Loading description for factory: class org.knime.base.distance.bytevector.PNormDistanceMeasureFactory
2025-09-29 18:38:41,588 : DEBUG : Node Repository Initializer :  : DistanceMeasureDescriptionFactory :  :  : Loading description for factory: class org.knime.base.distance.bytevector.PNormDistanceMeasureFactory
2025-09-29 18:38:41,588 : DEBUG : Node Repository Initializer :  : DistanceMeasureDescriptionFactory :  :  : Loading description for factory: class org.knime.base.distance.bytevector.PNormDistanceMeasureFactory
2025-09-29 18:38:41,588 : DEBUG : Node Repository Initializer :  : DistanceMeasureDescriptionFactory :  :  : Loading description for factory: class org.knime.base.distance.bytevector.PNormDistanceMeasureFactory
2025-09-29 18:38:41,588 : DEBUG : Node Repository Initializer :  : DistanceMeasureDescriptionFactory :  :  : Loading description for factory: class org.knime.base.distance.bytevector.ManhattanDistanceMeasureFactory
2025-09-29 18:38:41,588 : DEBUG : Node Repository Initializer :  : DistanceMeasureDescriptionFactory :  :  : Loading description for factory: class org.knime.base.distance.bytevector.ManhattanDistanceMeasureFactory
2025-09-29 18:38:41,588 : DEBUG : Node Repository Initializer :  : DistanceMeasureDescriptionFactory :  :  : Loading description for factory: class org.knime.base.distance.bytevector.ManhattanDistanceMeasureFactory
2025-09-29 18:38:41,588 : DEBUG : Node Repository Initializer :  : DistanceMeasureDescriptionFactory :  :  : Loading description for factory: class org.knime.base.distance.bytevector.ManhattanDistanceMeasureFactory
2025-09-29 18:38:41,632 : DEBUG : Node Repository Initializer :  : HiLiteHandler :  :  : Adding hilite translator to handler 9b5f402e-1c65-47de-bac2-28c41a9ee986
2025-09-29 18:38:41,669 : DEBUG : Node Repository Initializer :  : DistanceMeasureDescriptionFactory :  :  : Loading description for factory: class org.knime.distance.measure.bitvector.tversky.TverskyDistanceFactory
2025-09-29 18:38:41,680 : DEBUG : Node Repository Initializer :  : DistanceMeasureDescriptionFactory :  :  : Loading description for factory: class org.knime.distance.measure.bitvector.tversky.TverskyDistanceFactory
2025-09-29 18:38:41,681 : DEBUG : Node Repository Initializer :  : DistanceMeasureDescriptionFactory :  :  : Loading description for factory: class org.knime.distance.measure.bitvector.tversky.TverskyDistanceFactory
2025-09-29 18:38:41,681 : DEBUG : Node Repository Initializer :  : DistanceMeasureDescriptionFactory :  :  : Loading description for factory: class org.knime.distance.measure.bitvector.tversky.TverskyDistanceFactory
2025-09-29 18:38:41,683 : DEBUG : Node Repository Initializer :  : DistanceMeasureDescriptionFactory :  :  : Loading description for factory: class org.knime.distance.measure.bitvector.cosine.CosineDistanceFactory
2025-09-29 18:38:41,683 : DEBUG : Node Repository Initializer :  : DistanceMeasureDescriptionFactory :  :  : Loading description for factory: class org.knime.distance.measure.bitvector.cosine.CosineDistanceFactory
2025-09-29 18:38:41,683 : DEBUG : Node Repository Initializer :  : DistanceMeasureDescriptionFactory :  :  : Loading description for factory: class org.knime.distance.measure.bitvector.cosine.CosineDistanceFactory
2025-09-29 18:38:41,683 : DEBUG : Node Repository Initializer :  : DistanceMeasureDescriptionFactory :  :  : Loading description for factory: class org.knime.distance.measure.bitvector.cosine.CosineDistanceFactory
2025-09-29 18:38:41,715 : DEBUG : Node Repository Initializer :  : NodeSpecCache :  :  : Computing node specifications for KNIME Quick Forms
2025-09-29 18:38:42,514 : DEBUG : Node Repository Initializer :  : MoleculeSketcherRegistry :  :  : Added molecule sketcher 'org.knime.ext.js.molecule.Ketcher_2_7_2' from 'org.knime.ext.js'
2025-09-29 18:38:42,522 : DEBUG : Node Repository Initializer :  : NodeSpecCache :  :  : Computing node specifications for KNIME File Handling Nodes
2025-09-29 18:38:43,036 : DEBUG : Node Repository Initializer :  : ExtensionPoints :  :  : Loading executable extensions of extension point: org.knime.database.RowFilter
2025-09-29 18:38:43,036 : INFO  : main :  : StringHistory :  :  : History file 'C:\Users\saiur\Documents\Equipo_MD_Knime\.metadata\knime\history_database_drivers.txt' does not exist.
2025-09-29 18:38:43,036 : INFO  : main :  : StringHistory :  :  : History file 'C:\Users\saiur\Documents\Equipo_MD_Knime\.metadata\knime\history_database_urls.txt' does not exist.
2025-09-29 18:38:43,036 : DEBUG : main :  : DatabaseConnectionSettings :  :  : Settings database timeout to 15 seconds
2025-09-29 18:38:43,036 : DEBUG : main :  : DatabaseConnectionSettings :  :  : Database concurrency (sync via database connection) is true.
2025-09-29 18:38:43,036 : DEBUG : main :  : KNIMECorePlugin :  :  : Setting KNIME max thread count to 32
2025-09-29 18:38:43,036 : DEBUG : main :  : KNIMECorePlugin :  :  : Setting KNIME temp dir to "C:\Users\saiur\AppData\Local\Temp"
2025-09-29 18:40:02,980 : WARN  : main :  : Node : CSV Reader : 3:1 : Please specify a file
2025-09-29 19:56:49,768 : INFO  : main :  : NodeLogger :  :  : #########################################################################################
2025-09-29 19:56:49,771 : INFO  : main :  : NodeLogger :  :  : #                                                                                       #
2025-09-29 19:56:49,771 : INFO  : main :  : NodeLogger :  :  : # Welcome to KNIME Analytics Platform v5.5.1.v202507241444 (Build July 30, 2025)        #
2025-09-29 19:56:49,771 : INFO  : main :  : NodeLogger :  :  : # Based on Eclipse, http://www.eclipse.org                                              #
2025-09-29 19:56:49,771 : INFO  : main :  : NodeLogger :  :  : #                                                                                       #
2025-09-29 19:56:49,771 : INFO  : main :  : NodeLogger :  :  : #########################################################################################
2025-09-29 19:56:49,771 : INFO  : main :  : NodeLogger :  :  : #                                                                                       #
2025-09-29 19:56:49,771 : INFO  : main :  : NodeLogger :  :  : # Copyright by KNIME AG, Zurich, Switzerland and others.                                #
2025-09-29 19:56:49,771 : INFO  : main :  : NodeLogger :  :  : # Website: http://www.knime.com                                                         #
2025-09-29 19:56:49,771 : INFO  : main :  : NodeLogger :  :  : # E-mail: contact@knime.com                                                             #
2025-09-29 19:56:49,771 : INFO  : main :  : NodeLogger :  :  : #                                                                                       #
2025-09-29 19:56:49,771 : INFO  : main :  : NodeLogger :  :  : #########################################################################################
2025-09-29 19:56:49,771 : INFO  : main :  : NodeLogger :  :  : # For more details see the KNIME log file:                                              #
2025-09-29 19:56:49,771 : INFO  : main :  : NodeLogger :  :  : # C:\Users\saiur\Documents\Equipo_MD_Knime\.metadata\knime\knime.log
2025-09-29 19:56:49,771 : INFO  : main :  : NodeLogger :  :  : #---------------------------------------------------------------------------------------#
2025-09-29 19:56:49,793 : INFO  : main :  : NodeLogger :  :  : # logging date=lun sep. 29 19:56:49 CDT 2025
2025-09-29 19:56:49,793 : INFO  : main :  : NodeLogger :  :  : # java.version=17.0.5
2025-09-29 19:56:49,793 : INFO  : main :  : NodeLogger :  :  : # java.vm.version=17.0.5+8
2025-09-29 19:56:49,793 : INFO  : main :  : NodeLogger :  :  : # java.vendor=Eclipse Adoptium
2025-09-29 19:56:49,793 : INFO  : main :  : NodeLogger :  :  : # os.name=Windows 11
2025-09-29 19:56:49,793 : INFO  : main :  : NodeLogger :  :  : # os.arch=amd64
2025-09-29 19:56:49,793 : INFO  : main :  : NodeLogger :  :  : # number of CPUs=16
2025-09-29 19:56:49,793 : INFO  : main :  : NodeLogger :  :  : # assertions=off
2025-09-29 19:56:49,803 : INFO  : main :  : NodeLogger :  :  : # host=Lenovo_sai
2025-09-29 19:56:49,803 : INFO  : main :  : NodeLogger :  :  : # username=saiur
2025-09-29 19:56:49,803 : INFO  : main :  : NodeLogger :  :  : # max mem=7060MB
2025-09-29 19:56:49,803 : INFO  : main :  : NodeLogger :  :  : # application=org.knime.product.KNIME_APPLICATION
2025-09-29 19:56:49,803 : INFO  : main :  : NodeLogger :  :  : # KNID=11-d0f07165680f7d53-01-11f7bb46730318f7
2025-09-29 19:56:49,803 : INFO  : main :  : NodeLogger :  :  : #########################################################################################
2025-09-29 19:56:49,814 : DEBUG : main :  : KNIMELogger :  :  : 12 messages were logged before logging was initialized; see below...
2025-09-29 19:56:43,031 : DEBUG : main :  : EclipseProxyServiceInitializer :  :  : (1/3) Opened OSGi service tracker for 'org.eclipse.core.net.proxy.IProxyService'
2025-09-29 19:56:43,127 : DEBUG : main :  : ApplicationHealth :  :  : Registering JMX bean for org.knime.core:type=Execution,name=GlobalPool
2025-09-29 19:56:43,127 : DEBUG : main :  : ApplicationHealth :  :  : Registering JMX bean for org.knime.core:type=Execution,name=NodeStates
2025-09-29 19:56:43,127 : DEBUG : main :  : ApplicationHealth :  :  : Registering JMX bean for org.knime.core:type=Memory,name=ObjectInstances
2025-09-29 19:56:43,158 : DEBUG : main :  : IEarlyStartup :  :  : Running application "org.knime.product.KNIME_APPLICATION"
2025-09-29 19:56:43,158 : DEBUG : main :  : IEarlyStartup :  :  : Moving from stage <none> to stage EARLIEST
2025-09-29 19:56:43,158 : DEBUG : main :  : IEarlyStartup :  :  : Executing startup hook `org.knime.core.node.logging.JavaUtilLoggingAdapter#run()` at stage EARLIEST
2025-09-29 19:56:43,158 : DEBUG : main :  : IEarlyStartup :  :  : Executing startup hook `org.knime.js.cef.CEFEarlyStartup#run()` at stage EARLIEST
2025-09-29 19:56:43,492 : DEBUG : main :  : KNIMEApplication :  :  : Checking for instance location
2025-09-29 19:56:49,499 : DEBUG : main :  : KNIMEApplication :  :  : Instance location set
2025-09-29 19:56:49,661 : DEBUG : main :  : IEarlyStartup :  :  : Moving from stage EARLIEST to stage AFTER_PROFILES_SET
2025-09-29 19:56:49,661 : DEBUG : main :  : IEarlyStartup :  :  : Executing startup hook `org.knime.core.node.logging.KNIMELogger$EarlyStartupInitializer#run()` at stage AFTER_PROFILES_SET
2025-09-29 19:56:49,814 : DEBUG : main :  : KNIMELogger :  :  : End of buffered log messages
2025-09-29 19:56:49,814 : DEBUG : main :  : IEarlyStartup :  :  : Executing startup hook `org.knime.core.eclipseUtil.EclipseProxyServiceInitializer#run()` at stage AFTER_PROFILES_SET
2025-09-29 19:56:49,996 : DEBUG : main :  : NativeProxyProviderWrapper :  :  : Invoked default constructor in class "class org.eclipse.core.internal.net.ProxyManager" via reflectionto forcibly create new instance
2025-09-29 19:56:49,996 : DEBUG : main :  : NativeProxyProviderWrapper :  :  : Forcibly set field "preferenceManager" in class "class org.eclipse.core.internal.net.ProxyManager" to "org.eclipse.core.internal.net.PreferenceManager@7e5e6573" via reflection
2025-09-29 19:56:50,010 : DEBUG : main :  : NativeProxyProviderWrapper :  :  : Forcibly set field "nativeProxyProvider" in class "class org.eclipse.core.internal.net.ProxyManager" to "org.knime.core.eclipseUtil.NativeProxyProviderWrapper@7ea3839e" via reflection
2025-09-29 19:56:50,010 : DEBUG : main :  : EclipseProxyServiceInitializer :  :  : (3/3) Successfully installed proxy support
2025-09-29 19:56:50,010 : DEBUG : main :  : EclipseProxyServiceInitializer :  :  : (2/3) Initialized OSGi service 'org.eclipse.core.net.proxy.IProxyService'
2025-09-29 19:56:50,010 : DEBUG : main :  : IEarlyStartup :  :  : Executing startup hook `org.knime.core.internal.MountTableInitializerEarlyStartup#run()` at stage AFTER_PROFILES_SET
2025-09-29 19:56:50,757 : DEBUG : main :  : WorkbenchMountTable :  :  : Mounted Explorer Temp Space 'knime-temp-space' - com.knime.explorer.tempspace
2025-09-29 19:56:50,772 : DEBUG : main :  : IEarlyStartup :  :  : Executing startup hook `org.knime.ui.java.OnEarlyStartup#run()` at stage AFTER_PROFILES_SET
2025-09-29 19:56:50,795 : DEBUG : KNIME-Worker-0 :  : NodeFactoryProvider :  :  : Duplicate node factory id: org.knime.base.filehandling.filemetainfo.FileMetaInfoNodeFactory
2025-09-29 19:56:50,795 : DEBUG : KNIME-Worker-0 :  : NodeFactoryProvider :  :  : Duplicate node factory id: org.knime.base.node.preproc.filter.column.FilterColumnNodeFactory
2025-09-29 19:56:50,795 : DEBUG : KNIME-Worker-0 :  : NodeFactoryProvider :  :  : Duplicate node factory id: org.knime.base.node.preproc.joiner.NewJoinerNodeFactory
2025-09-29 19:56:50,795 : DEBUG : KNIME-Worker-0 :  : NodeFactoryProvider :  :  : Duplicate node factory id: org.knime.base.node.preproc.split.SplitNodeFactory
2025-09-29 19:56:50,795 : DEBUG : KNIME-Worker-0 :  : NodeFactoryProvider :  :  : Duplicate node factory id: org.knime.distmatrix.knn.KnnDistNodeFactory
2025-09-29 19:56:50,802 : DEBUG : KNIME-Worker-0 :  : NodeFactoryProvider :  :  : Collected NodeFactory extensions... found 1025 nodes (328 deprecated, 10 hidden) in 0.0s
2025-09-29 19:56:51,019 : DEBUG : KNIME-Worker-0 :  : NodeFactoryProvider :  :  : Collected NodeSetFactory extensions... found 3 node sets with 25 nodes in 0.2s
2025-09-29 19:56:51,143 : DEBUG : Node Repository Initializer :  : NodeSpecCache :  :  : Computing node specifications for KNIME AP Core feature
2025-09-29 19:56:51,522 : DEBUG : Node Repository Initializer :  : NodeSpecCache :  :  : Computing node specifications for KNIME Distance Matrix Extension
2025-09-29 19:56:51,578 : DEBUG : Node Repository Initializer :  : DistanceMeasureRepository :  :  : added factory: 'org.knime.base.node.mine.treeensemble2.distance.RandomForestDistanceFactory'
2025-09-29 19:56:51,585 : DEBUG : Node Repository Initializer :  : DistanceMeasureRepository :  :  : added factory: 'org.knime.distmatrix.calculate.measure.MatrixDistanceFactory'
2025-09-29 19:56:51,585 : DEBUG : Node Repository Initializer :  : DistanceMeasureRepository :  :  : added factory: 'org.knime.base.distance.measure.OldDistanceWrapperDistanceFactory'
2025-09-29 19:56:51,585 : DEBUG : Node Repository Initializer :  : DistanceMeasureRepository :  :  : added factory: 'org.knime.distance.measure.string.levenshtein.LevenshteinDistanceFactory'
2025-09-29 19:56:51,585 : DEBUG : Node Repository Initializer :  : DistanceMeasureRepository :  :  : added factory: 'org.knime.distance.measure.string.tversky.TverskyDistanceFactory'
2025-09-29 19:56:51,585 : DEBUG : Node Repository Initializer :  : DistanceMeasureRepository :  :  : added factory: 'org.knime.distance.measure.bitvector.cosine.CosineDistanceFactory'
2025-09-29 19:56:51,585 : DEBUG : Node Repository Initializer :  : DistanceMeasureRepository :  :  : added factory: 'org.knime.distance.measure.bitvector.tversky.TverskyDistanceFactory'
2025-09-29 19:56:51,601 : DEBUG : Node Repository Initializer :  : DistanceMeasureRepository :  :  : added factory: 'org.knime.base.distance.bytevector.CosineDistanceMeasureFactory'
2025-09-29 19:56:51,601 : DEBUG : Node Repository Initializer :  : DistanceMeasureRepository :  :  : added factory: 'org.knime.base.distance.bytevector.EuclideanDistanceMeasureFactory'
2025-09-29 19:56:51,601 : DEBUG : Node Repository Initializer :  : DistanceMeasureRepository :  :  : added factory: 'org.knime.base.distance.bytevector.ManhattanDistanceMeasureFactory'
2025-09-29 19:56:51,601 : DEBUG : Node Repository Initializer :  : DistanceMeasureRepository :  :  : added factory: 'org.knime.base.distance.bytevector.PNormDistanceMeasureFactory'
2025-09-29 19:56:51,601 : DEBUG : Node Repository Initializer :  : DistanceMeasureRepository :  :  : added factory: 'org.knime.distance.measure.numerical.lnorm.LNormDistanceFactory'
2025-09-29 19:56:51,601 : DEBUG : Node Repository Initializer :  : DistanceMeasureRepository :  :  : added factory: 'org.knime.distance.measure.numerical.cosine.CosineDistanceFactory'
2025-09-29 19:56:51,601 : DEBUG : Node Repository Initializer :  : DistanceMeasureRepository :  :  : added factory: 'org.knime.distance.measure.jsnippet.JSnippetDistanceFactory'
2025-09-29 19:56:51,601 : DEBUG : Node Repository Initializer :  : DistanceMeasureRepository :  :  : added factory: 'org.knime.distance.measure.jsnippet.aggregated.AggregatedDistanceFactory'
2025-09-29 19:56:51,601 : DEBUG : Node Repository Initializer :  : DistanceMeasureRepository :  :  : added factory: 'org.knime.distance.measure.mahalanobis.MahalanobisDistanceFactory'
2025-09-29 19:56:51,618 : DEBUG : Node Repository Initializer :  : DistanceMeasureRepository :  :  : added factory: 'org.knime.distance.measure.string.jarowinkler.JaroWinklerDistanceFactory'
2025-09-29 19:56:51,695 : DEBUG : Node Repository Initializer :  : DistanceMeasureDescriptionFactory :  :  : Loading description for factory: class org.knime.distance.measure.numerical.lnorm.LNormDistanceFactory
2025-09-29 19:56:51,726 : DEBUG : Node Repository Initializer :  : DistanceMeasureDescriptionFactory :  :  : Loading description for factory: class org.knime.distance.measure.numerical.lnorm.LNormDistanceFactory
2025-09-29 19:56:51,726 : DEBUG : Node Repository Initializer :  : DistanceMeasureDescriptionFactory :  :  : Loading description for factory: class org.knime.distance.measure.numerical.lnorm.LNormDistanceFactory
2025-09-29 19:56:51,726 : DEBUG : Node Repository Initializer :  : DistanceMeasureDescriptionFactory :  :  : Loading description for factory: class org.knime.distance.measure.numerical.lnorm.LNormDistanceFactory
2025-09-29 19:56:51,726 : DEBUG : Node Repository Initializer :  : DistanceMeasureDescriptionFactory :  :  : Loading description for factory: class org.knime.distance.measure.numerical.cosine.CosineDistanceFactory
2025-09-29 19:56:51,726 : DEBUG : Node Repository Initializer :  : DistanceMeasureDescriptionFactory :  :  : Loading description for factory: class org.knime.distance.measure.numerical.cosine.CosineDistanceFactory
2025-09-29 19:56:51,742 : DEBUG : Node Repository Initializer :  : DistanceMeasureDescriptionFactory :  :  : Loading description for factory: class org.knime.distance.measure.numerical.cosine.CosineDistanceFactory
2025-09-29 19:56:51,742 : DEBUG : Node Repository Initializer :  : DistanceMeasureDescriptionFactory :  :  : Loading description for factory: class org.knime.distance.measure.numerical.cosine.CosineDistanceFactory
2025-09-29 19:56:52,051 : DEBUG : Node Repository Initializer :  : DistanceMeasureDescriptionFactory :  :  : Loading description for factory: class org.knime.distance.measure.bitvector.tversky.TverskyDistanceFactory
2025-09-29 19:56:52,057 : DEBUG : Node Repository Initializer :  : DistanceMeasureDescriptionFactory :  :  : Loading description for factory: class org.knime.distance.measure.bitvector.tversky.TverskyDistanceFactory
2025-09-29 19:56:52,059 : DEBUG : Node Repository Initializer :  : DistanceMeasureDescriptionFactory :  :  : Loading description for factory: class org.knime.distance.measure.bitvector.tversky.TverskyDistanceFactory
2025-09-29 19:56:52,059 : DEBUG : Node Repository Initializer :  : DistanceMeasureDescriptionFactory :  :  : Loading description for factory: class org.knime.distance.measure.bitvector.tversky.TverskyDistanceFactory
2025-09-29 19:56:52,060 : DEBUG : Node Repository Initializer :  : DistanceMeasureDescriptionFactory :  :  : Loading description for factory: class org.knime.distance.measure.bitvector.cosine.CosineDistanceFactory
2025-09-29 19:56:52,060 : DEBUG : Node Repository Initializer :  : DistanceMeasureDescriptionFactory :  :  : Loading description for factory: class org.knime.distance.measure.bitvector.cosine.CosineDistanceFactory
2025-09-29 19:56:52,062 : DEBUG : Node Repository Initializer :  : DistanceMeasureDescriptionFactory :  :  : Loading description for factory: class org.knime.distance.measure.bitvector.cosine.CosineDistanceFactory
2025-09-29 19:56:52,062 : DEBUG : Node Repository Initializer :  : DistanceMeasureDescriptionFactory :  :  : Loading description for factory: class org.knime.distance.measure.bitvector.cosine.CosineDistanceFactory
2025-09-29 19:56:52,104 : DEBUG : Node Repository Initializer :  : DistanceMeasureDescriptionFactory :  :  : Loading description for factory: class org.knime.base.distance.bytevector.EuclideanDistanceMeasureFactory
2025-09-29 19:56:52,104 : DEBUG : Node Repository Initializer :  : DistanceMeasureDescriptionFactory :  :  : Loading description for factory: class org.knime.base.distance.bytevector.EuclideanDistanceMeasureFactory
2025-09-29 19:56:52,104 : DEBUG : Node Repository Initializer :  : DistanceMeasureDescriptionFactory :  :  : Loading description for factory: class org.knime.base.distance.bytevector.EuclideanDistanceMeasureFactory
2025-09-29 19:56:52,104 : DEBUG : Node Repository Initializer :  : DistanceMeasureDescriptionFactory :  :  : Loading description for factory: class org.knime.base.distance.bytevector.EuclideanDistanceMeasureFactory
2025-09-29 19:56:52,104 : DEBUG : Node Repository Initializer :  : DistanceMeasureDescriptionFactory :  :  : Loading description for factory: class org.knime.base.distance.bytevector.CosineDistanceMeasureFactory
2025-09-29 19:56:52,104 : DEBUG : Node Repository Initializer :  : DistanceMeasureDescriptionFactory :  :  : Loading description for factory: class org.knime.base.distance.bytevector.CosineDistanceMeasureFactory
2025-09-29 19:56:52,104 : DEBUG : Node Repository Initializer :  : DistanceMeasureDescriptionFactory :  :  : Loading description for factory: class org.knime.base.distance.bytevector.CosineDistanceMeasureFactory
2025-09-29 19:56:52,104 : DEBUG : Node Repository Initializer :  : DistanceMeasureDescriptionFactory :  :  : Loading description for factory: class org.knime.base.distance.bytevector.CosineDistanceMeasureFactory
2025-09-29 19:56:52,116 : DEBUG : Node Repository Initializer :  : DistanceMeasureDescriptionFactory :  :  : Loading description for factory: class org.knime.base.distance.bytevector.PNormDistanceMeasureFactory
2025-09-29 19:56:52,116 : DEBUG : Node Repository Initializer :  : DistanceMeasureDescriptionFactory :  :  : Loading description for factory: class org.knime.base.distance.bytevector.PNormDistanceMeasureFactory
2025-09-29 19:56:52,118 : DEBUG : Node Repository Initializer :  : DistanceMeasureDescriptionFactory :  :  : Loading description for factory: class org.knime.base.distance.bytevector.PNormDistanceMeasureFactory
2025-09-29 19:56:52,118 : DEBUG : Node Repository Initializer :  : DistanceMeasureDescriptionFactory :  :  : Loading description for factory: class org.knime.base.distance.bytevector.PNormDistanceMeasureFactory
2025-09-29 19:56:52,120 : DEBUG : Node Repository Initializer :  : DistanceMeasureDescriptionFactory :  :  : Loading description for factory: class org.knime.base.distance.bytevector.ManhattanDistanceMeasureFactory
2025-09-29 19:56:52,120 : DEBUG : Node Repository Initializer :  : DistanceMeasureDescriptionFactory :  :  : Loading description for factory: class org.knime.base.distance.bytevector.ManhattanDistanceMeasureFactory
2025-09-29 19:56:52,120 : DEBUG : Node Repository Initializer :  : DistanceMeasureDescriptionFactory :  :  : Loading description for factory: class org.knime.base.distance.bytevector.ManhattanDistanceMeasureFactory
2025-09-29 19:56:52,120 : DEBUG : Node Repository Initializer :  : DistanceMeasureDescriptionFactory :  :  : Loading description for factory: class org.knime.base.distance.bytevector.ManhattanDistanceMeasureFactory
2025-09-29 19:56:52,230 : DEBUG : Node Repository Initializer :  : HiLiteHandler :  :  : Adding hilite translator to handler 9f40eb88-15f6-408a-8c8f-5236142f80ce
2025-09-29 19:56:52,404 : DEBUG : Node Repository Initializer :  : HiLiteHandler :  :  : Adding hilite translator to handler 3a70fd86-9fff-476c-b44f-8360a561832c
2025-09-29 19:56:52,435 : DEBUG : Node Repository Initializer :  : DistanceMeasureDescriptionFactory :  :  : Loading description for factory: class org.knime.distance.measure.string.jarowinkler.JaroWinklerDistanceFactory
2025-09-29 19:56:52,435 : DEBUG : Node Repository Initializer :  : DistanceMeasureDescriptionFactory :  :  : Loading description for factory: class org.knime.distance.measure.string.jarowinkler.JaroWinklerDistanceFactory
2025-09-29 19:56:52,435 : DEBUG : Node Repository Initializer :  : DistanceMeasureDescriptionFactory :  :  : Loading description for factory: class org.knime.distance.measure.string.jarowinkler.JaroWinklerDistanceFactory
2025-09-29 19:56:52,435 : DEBUG : Node Repository Initializer :  : DistanceMeasureDescriptionFactory :  :  : Loading description for factory: class org.knime.distance.measure.string.jarowinkler.JaroWinklerDistanceFactory
2025-09-29 19:56:52,435 : DEBUG : Node Repository Initializer :  : DistanceMeasureDescriptionFactory :  :  : Loading description for factory: class org.knime.distance.measure.string.tversky.TverskyDistanceFactory
2025-09-29 19:56:52,435 : DEBUG : Node Repository Initializer :  : DistanceMeasureDescriptionFactory :  :  : Loading description for factory: class org.knime.distance.measure.string.tversky.TverskyDistanceFactory
2025-09-29 19:56:52,435 : DEBUG : Node Repository Initializer :  : DistanceMeasureDescriptionFactory :  :  : Loading description for factory: class org.knime.distance.measure.string.tversky.TverskyDistanceFactory
2025-09-29 19:56:52,435 : DEBUG : Node Repository Initializer :  : DistanceMeasureDescriptionFactory :  :  : Loading description for factory: class org.knime.distance.measure.string.tversky.TverskyDistanceFactory
2025-09-29 19:56:52,435 : DEBUG : Node Repository Initializer :  : DistanceMeasureDescriptionFactory :  :  : Loading description for factory: class org.knime.distance.measure.string.levenshtein.LevenshteinDistanceFactory
2025-09-29 19:56:52,435 : DEBUG : Node Repository Initializer :  : DistanceMeasureDescriptionFactory :  :  : Loading description for factory: class org.knime.distance.measure.string.levenshtein.LevenshteinDistanceFactory
2025-09-29 19:56:52,435 : DEBUG : Node Repository Initializer :  : DistanceMeasureDescriptionFactory :  :  : Loading description for factory: class org.knime.distance.measure.string.levenshtein.LevenshteinDistanceFactory
2025-09-29 19:56:52,435 : DEBUG : Node Repository Initializer :  : DistanceMeasureDescriptionFactory :  :  : Loading description for factory: class org.knime.distance.measure.string.levenshtein.LevenshteinDistanceFactory
2025-09-29 19:56:52,467 : DEBUG : Node Repository Initializer :  : HiLiteHandler :  :  : Adding hilite translator to handler c9624c6d-4cac-4fa5-9dfd-bb869fc4224d
2025-09-29 19:56:52,467 : DEBUG : Node Repository Initializer :  : NodeSpecCache :  :  : Computing node specifications for KNIME Quick Forms
2025-09-29 19:56:53,285 : DEBUG : Node Repository Initializer :  : MoleculeSketcherRegistry :  :  : Added molecule sketcher 'org.knime.ext.js.molecule.Ketcher_2_7_2' from 'org.knime.ext.js'
2025-09-29 19:56:53,286 : DEBUG : Node Repository Initializer :  : NodeSpecCache :  :  : Computing node specifications for KNIME File Handling Nodes
2025-09-29 19:56:53,761 : DEBUG : Node Repository Initializer :  : ExtensionPoints :  :  : Loading executable extensions of extension point: org.knime.database.RowFilter
2025-09-29 19:56:53,768 : DEBUG : Node Repository Initializer :  : ExtensionPoints :  :  : Executable extension initializer has been created
2025-09-29 19:56:53,768 : DEBUG : Node Repository Initializer :  : ExtensionPoints :  :  : Executable is instance of MSAccessRowFilterInitializer
2025-09-29 19:56:53,776 : INFO  : main :  : StringHistory :  :  : History file 'C:\Users\saiur\Documents\Equipo_MD_Knime\.metadata\knime\history_database_drivers.txt' does not exist.
2025-09-29 19:56:53,776 : INFO  : main :  : StringHistory :  :  : History file 'C:\Users\saiur\Documents\Equipo_MD_Knime\.metadata\knime\history_database_urls.txt' does not exist.
2025-09-29 19:56:53,776 : DEBUG : main :  : DatabaseConnectionSettings :  :  : Settings database timeout to 15 seconds
2025-09-29 19:56:53,776 : DEBUG : main :  : DatabaseConnectionSettings :  :  : Database concurrency (sync via database connection) is true.
2025-09-29 19:56:53,776 : DEBUG : main :  : KNIMECorePlugin :  :  : Setting KNIME max thread count to 32
2025-09-29 19:56:53,776 : DEBUG : main :  : KNIMECorePlugin :  :  : Setting KNIME temp dir to "C:\Users\saiur\AppData\Local\Temp"
2025-09-29 20:00:22,542 : INFO  : main :  : NodeLogger :  :  : #########################################################################################
2025-09-29 20:00:22,542 : INFO  : main :  : NodeLogger :  :  : #                                                                                       #
2025-09-29 20:00:22,542 : INFO  : main :  : NodeLogger :  :  : # Welcome to KNIME Analytics Platform v5.5.1.v202507241444 (Build July 30, 2025)        #
2025-09-29 20:00:22,545 : INFO  : main :  : NodeLogger :  :  : # Based on Eclipse, http://www.eclipse.org                                              #
2025-09-29 20:00:22,545 : INFO  : main :  : NodeLogger :  :  : #                                                                                       #
2025-09-29 20:00:22,545 : INFO  : main :  : NodeLogger :  :  : #########################################################################################
2025-09-29 20:00:22,545 : INFO  : main :  : NodeLogger :  :  : #                                                                                       #
2025-09-29 20:00:22,545 : INFO  : main :  : NodeLogger :  :  : # Copyright by KNIME AG, Zurich, Switzerland and others.                                #
2025-09-29 20:00:22,545 : INFO  : main :  : NodeLogger :  :  : # Website: http://www.knime.com                                                         #
2025-09-29 20:00:22,545 : INFO  : main :  : NodeLogger :  :  : # E-mail: contact@knime.com                                                             #
2025-09-29 20:00:22,545 : INFO  : main :  : NodeLogger :  :  : #                                                                                       #
2025-09-29 20:00:22,545 : INFO  : main :  : NodeLogger :  :  : #########################################################################################
2025-09-29 20:00:22,545 : INFO  : main :  : NodeLogger :  :  : # For more details see the KNIME log file:                                              #
2025-09-29 20:00:22,545 : INFO  : main :  : NodeLogger :  :  : # C:\Users\saiur\Documents\Equipo_MD_Knime\.metadata\knime\knime.log
2025-09-29 20:00:22,545 : INFO  : main :  : NodeLogger :  :  : #---------------------------------------------------------------------------------------#
2025-09-29 20:00:22,567 : INFO  : main :  : NodeLogger :  :  : # logging date=lun sep. 29 20:00:22 CDT 2025
2025-09-29 20:00:22,567 : INFO  : main :  : NodeLogger :  :  : # java.version=17.0.5
2025-09-29 20:00:22,567 : INFO  : main :  : NodeLogger :  :  : # java.vm.version=17.0.5+8
2025-09-29 20:00:22,567 : INFO  : main :  : NodeLogger :  :  : # java.vendor=Eclipse Adoptium
2025-09-29 20:00:22,567 : INFO  : main :  : NodeLogger :  :  : # os.name=Windows 11
2025-09-29 20:00:22,567 : INFO  : main :  : NodeLogger :  :  : # os.arch=amd64
2025-09-29 20:00:22,567 : INFO  : main :  : NodeLogger :  :  : # number of CPUs=16
2025-09-29 20:00:22,567 : INFO  : main :  : NodeLogger :  :  : # assertions=off
2025-09-29 20:00:22,576 : INFO  : main :  : NodeLogger :  :  : # host=Lenovo_sai
2025-09-29 20:00:22,579 : INFO  : main :  : NodeLogger :  :  : # username=saiur
2025-09-29 20:00:22,579 : INFO  : main :  : NodeLogger :  :  : # max mem=7060MB
2025-09-29 20:00:22,579 : INFO  : main :  : NodeLogger :  :  : # application=org.knime.product.KNIME_APPLICATION
2025-09-29 20:00:22,592 : INFO  : main :  : NodeLogger :  :  : # KNID=11-d0f07165680f7d53-01-11f7bb46730318f7
2025-09-29 20:00:22,592 : INFO  : main :  : NodeLogger :  :  : #########################################################################################
2025-09-29 20:00:22,594 : DEBUG : main :  : KNIMELogger :  :  : 12 messages were logged before logging was initialized; see below...
2025-09-29 20:00:22,110 : DEBUG : main :  : EclipseProxyServiceInitializer :  :  : (1/3) Opened OSGi service tracker for 'org.eclipse.core.net.proxy.IProxyService'
2025-09-29 20:00:22,163 : DEBUG : main :  : ApplicationHealth :  :  : Registering JMX bean for org.knime.core:type=Execution,name=GlobalPool
2025-09-29 20:00:22,163 : DEBUG : main :  : ApplicationHealth :  :  : Registering JMX bean for org.knime.core:type=Execution,name=NodeStates
2025-09-29 20:00:22,163 : DEBUG : main :  : ApplicationHealth :  :  : Registering JMX bean for org.knime.core:type=Memory,name=ObjectInstances
2025-09-29 20:00:22,166 : DEBUG : main :  : IEarlyStartup :  :  : Running application "org.knime.product.KNIME_APPLICATION"
2025-09-29 20:00:22,166 : DEBUG : main :  : IEarlyStartup :  :  : Moving from stage <none> to stage EARLIEST
2025-09-29 20:00:22,179 : DEBUG : main :  : IEarlyStartup :  :  : Executing startup hook `org.knime.core.node.logging.JavaUtilLoggingAdapter#run()` at stage EARLIEST
2025-09-29 20:00:22,179 : DEBUG : main :  : IEarlyStartup :  :  : Executing startup hook `org.knime.js.cef.CEFEarlyStartup#run()` at stage EARLIEST
2025-09-29 20:00:22,399 : DEBUG : main :  : KNIMEApplication :  :  : Checking for instance location
2025-09-29 20:00:22,401 : DEBUG : main :  : KNIMEApplication :  :  : Instance location set
2025-09-29 20:00:22,460 : DEBUG : main :  : IEarlyStartup :  :  : Moving from stage EARLIEST to stage AFTER_PROFILES_SET
2025-09-29 20:00:22,460 : DEBUG : main :  : IEarlyStartup :  :  : Executing startup hook `org.knime.core.node.logging.KNIMELogger$EarlyStartupInitializer#run()` at stage AFTER_PROFILES_SET
2025-09-29 20:00:22,594 : DEBUG : main :  : KNIMELogger :  :  : End of buffered log messages
2025-09-29 20:00:22,594 : DEBUG : main :  : IEarlyStartup :  :  : Executing startup hook `org.knime.core.eclipseUtil.EclipseProxyServiceInitializer#run()` at stage AFTER_PROFILES_SET
2025-09-29 20:00:22,787 : DEBUG : main :  : NativeProxyProviderWrapper :  :  : Invoked default constructor in class "class org.eclipse.core.internal.net.ProxyManager" via reflectionto forcibly create new instance
2025-09-29 20:00:22,787 : DEBUG : main :  : NativeProxyProviderWrapper :  :  : Forcibly set field "preferenceManager" in class "class org.eclipse.core.internal.net.ProxyManager" to "org.eclipse.core.internal.net.PreferenceManager@8f39224" via reflection
2025-09-29 20:00:22,787 : DEBUG : main :  : NativeProxyProviderWrapper :  :  : Forcibly set field "nativeProxyProvider" in class "class org.eclipse.core.internal.net.ProxyManager" to "org.knime.core.eclipseUtil.NativeProxyProviderWrapper@5e69cf07" via reflection
2025-09-29 20:00:22,787 : DEBUG : main :  : EclipseProxyServiceInitializer :  :  : (3/3) Successfully installed proxy support
2025-09-29 20:00:22,787 : DEBUG : main :  : EclipseProxyServiceInitializer :  :  : (2/3) Initialized OSGi service 'org.eclipse.core.net.proxy.IProxyService'
2025-09-29 20:00:22,787 : DEBUG : main :  : IEarlyStartup :  :  : Executing startup hook `org.knime.core.internal.MountTableInitializerEarlyStartup#run()` at stage AFTER_PROFILES_SET
2025-09-29 20:00:23,549 : DEBUG : main :  : WorkbenchMountTable :  :  : Mounted Explorer Temp Space 'knime-temp-space' - com.knime.explorer.tempspace
2025-09-29 20:00:23,596 : DEBUG : main :  : IEarlyStartup :  :  : Executing startup hook `org.knime.ui.java.OnEarlyStartup#run()` at stage AFTER_PROFILES_SET
2025-09-29 20:00:23,628 : DEBUG : KNIME-Worker-0 :  : NodeFactoryProvider :  :  : Duplicate node factory id: org.knime.base.filehandling.filemetainfo.FileMetaInfoNodeFactory
2025-09-29 20:00:23,628 : DEBUG : KNIME-Worker-0 :  : NodeFactoryProvider :  :  : Duplicate node factory id: org.knime.base.node.preproc.filter.column.FilterColumnNodeFactory
2025-09-29 20:00:23,628 : DEBUG : KNIME-Worker-0 :  : NodeFactoryProvider :  :  : Duplicate node factory id: org.knime.base.node.preproc.joiner.NewJoinerNodeFactory
2025-09-29 20:00:23,628 : DEBUG : KNIME-Worker-0 :  : NodeFactoryProvider :  :  : Duplicate node factory id: org.knime.base.node.preproc.split.SplitNodeFactory
2025-09-29 20:00:23,628 : DEBUG : KNIME-Worker-0 :  : NodeFactoryProvider :  :  : Duplicate node factory id: org.knime.distmatrix.knn.KnnDistNodeFactory
2025-09-29 20:00:23,644 : DEBUG : KNIME-Worker-0 :  : NodeFactoryProvider :  :  : Collected NodeFactory extensions... found 1025 nodes (328 deprecated, 10 hidden) in 0.0s
2025-09-29 20:00:23,937 : DEBUG : KNIME-Worker-0 :  : NodeFactoryProvider :  :  : Collected NodeSetFactory extensions... found 3 node sets with 25 nodes in 0.3s
2025-09-29 20:00:24,089 : DEBUG : Node Repository Initializer :  : NodeSpecCache :  :  : Computing node specifications for KNIME AP Core feature
2025-09-29 20:00:24,463 : DEBUG : Node Repository Initializer :  : NodeSpecCache :  :  : Computing node specifications for KNIME Distance Matrix Extension
2025-09-29 20:00:24,565 : DEBUG : Node Repository Initializer :  : DistanceMeasureRepository :  :  : added factory: 'org.knime.base.node.mine.treeensemble2.distance.RandomForestDistanceFactory'
2025-09-29 20:00:24,570 : DEBUG : Node Repository Initializer :  : DistanceMeasureRepository :  :  : added factory: 'org.knime.distmatrix.calculate.measure.MatrixDistanceFactory'
2025-09-29 20:00:24,570 : DEBUG : Node Repository Initializer :  : DistanceMeasureRepository :  :  : added factory: 'org.knime.base.distance.measure.OldDistanceWrapperDistanceFactory'
2025-09-29 20:00:24,572 : DEBUG : Node Repository Initializer :  : DistanceMeasureRepository :  :  : added factory: 'org.knime.distance.measure.string.levenshtein.LevenshteinDistanceFactory'
2025-09-29 20:00:24,572 : DEBUG : Node Repository Initializer :  : DistanceMeasureRepository :  :  : added factory: 'org.knime.distance.measure.string.tversky.TverskyDistanceFactory'
2025-09-29 20:00:24,576 : DEBUG : Node Repository Initializer :  : DistanceMeasureRepository :  :  : added factory: 'org.knime.distance.measure.bitvector.cosine.CosineDistanceFactory'
2025-09-29 20:00:24,576 : DEBUG : Node Repository Initializer :  : DistanceMeasureRepository :  :  : added factory: 'org.knime.distance.measure.bitvector.tversky.TverskyDistanceFactory'
2025-09-29 20:00:24,576 : DEBUG : Node Repository Initializer :  : DistanceMeasureRepository :  :  : added factory: 'org.knime.base.distance.bytevector.CosineDistanceMeasureFactory'
2025-09-29 20:00:24,576 : DEBUG : Node Repository Initializer :  : DistanceMeasureRepository :  :  : added factory: 'org.knime.base.distance.bytevector.EuclideanDistanceMeasureFactory'
2025-09-29 20:00:24,576 : DEBUG : Node Repository Initializer :  : DistanceMeasureRepository :  :  : added factory: 'org.knime.base.distance.bytevector.ManhattanDistanceMeasureFactory'
2025-09-29 20:00:24,576 : DEBUG : Node Repository Initializer :  : DistanceMeasureRepository :  :  : added factory: 'org.knime.base.distance.bytevector.PNormDistanceMeasureFactory'
2025-09-29 20:00:24,576 : DEBUG : Node Repository Initializer :  : DistanceMeasureRepository :  :  : added factory: 'org.knime.distance.measure.numerical.lnorm.LNormDistanceFactory'
2025-09-29 20:00:24,576 : DEBUG : Node Repository Initializer :  : DistanceMeasureRepository :  :  : added factory: 'org.knime.distance.measure.numerical.cosine.CosineDistanceFactory'
2025-09-29 20:00:24,576 : DEBUG : Node Repository Initializer :  : DistanceMeasureRepository :  :  : added factory: 'org.knime.distance.measure.jsnippet.JSnippetDistanceFactory'
2025-09-29 20:00:24,576 : DEBUG : Node Repository Initializer :  : DistanceMeasureRepository :  :  : added factory: 'org.knime.distance.measure.jsnippet.aggregated.AggregatedDistanceFactory'
2025-09-29 20:00:24,576 : DEBUG : Node Repository Initializer :  : DistanceMeasureRepository :  :  : added factory: 'org.knime.distance.measure.mahalanobis.MahalanobisDistanceFactory'
2025-09-29 20:00:24,592 : DEBUG : Node Repository Initializer :  : DistanceMeasureRepository :  :  : added factory: 'org.knime.distance.measure.string.jarowinkler.JaroWinklerDistanceFactory'
2025-09-29 20:00:24,644 : DEBUG : Node Repository Initializer :  : DistanceMeasureDescriptionFactory :  :  : Loading description for factory: class org.knime.distance.measure.numerical.lnorm.LNormDistanceFactory
2025-09-29 20:00:24,672 : DEBUG : Node Repository Initializer :  : DistanceMeasureDescriptionFactory :  :  : Loading description for factory: class org.knime.distance.measure.numerical.lnorm.LNormDistanceFactory
2025-09-29 20:00:24,672 : DEBUG : Node Repository Initializer :  : DistanceMeasureDescriptionFactory :  :  : Loading description for factory: class org.knime.distance.measure.numerical.lnorm.LNormDistanceFactory
2025-09-29 20:00:24,672 : DEBUG : Node Repository Initializer :  : DistanceMeasureDescriptionFactory :  :  : Loading description for factory: class org.knime.distance.measure.numerical.lnorm.LNormDistanceFactory
2025-09-29 20:00:24,672 : DEBUG : Node Repository Initializer :  : DistanceMeasureDescriptionFactory :  :  : Loading description for factory: class org.knime.distance.measure.numerical.cosine.CosineDistanceFactory
2025-09-29 20:00:24,686 : DEBUG : Node Repository Initializer :  : DistanceMeasureDescriptionFactory :  :  : Loading description for factory: class org.knime.distance.measure.numerical.cosine.CosineDistanceFactory
2025-09-29 20:00:24,687 : DEBUG : Node Repository Initializer :  : DistanceMeasureDescriptionFactory :  :  : Loading description for factory: class org.knime.distance.measure.numerical.cosine.CosineDistanceFactory
2025-09-29 20:00:24,687 : DEBUG : Node Repository Initializer :  : DistanceMeasureDescriptionFactory :  :  : Loading description for factory: class org.knime.distance.measure.numerical.cosine.CosineDistanceFactory
2025-09-29 20:00:24,802 : DEBUG : Node Repository Initializer :  : HiLiteHandler :  :  : Adding hilite translator to handler 7f5db62a-3f31-4e02-a2cb-945be084b34c
2025-09-29 20:00:24,931 : DEBUG : Node Repository Initializer :  : HiLiteHandler :  :  : Adding hilite translator to handler 0f92346c-d289-48d5-9bdc-13f689b47e13
2025-09-29 20:00:25,026 : DEBUG : Node Repository Initializer :  : DistanceMeasureDescriptionFactory :  :  : Loading description for factory: class org.knime.base.distance.bytevector.EuclideanDistanceMeasureFactory
2025-09-29 20:00:25,026 : DEBUG : Node Repository Initializer :  : DistanceMeasureDescriptionFactory :  :  : Loading description for factory: class org.knime.base.distance.bytevector.EuclideanDistanceMeasureFactory
2025-09-29 20:00:25,026 : DEBUG : Node Repository Initializer :  : DistanceMeasureDescriptionFactory :  :  : Loading description for factory: class org.knime.base.distance.bytevector.EuclideanDistanceMeasureFactory
2025-09-29 20:00:25,026 : DEBUG : Node Repository Initializer :  : DistanceMeasureDescriptionFactory :  :  : Loading description for factory: class org.knime.base.distance.bytevector.EuclideanDistanceMeasureFactory
2025-09-29 20:00:25,026 : DEBUG : Node Repository Initializer :  : DistanceMeasureDescriptionFactory :  :  : Loading description for factory: class org.knime.base.distance.bytevector.CosineDistanceMeasureFactory
2025-09-29 20:00:25,026 : DEBUG : Node Repository Initializer :  : DistanceMeasureDescriptionFactory :  :  : Loading description for factory: class org.knime.base.distance.bytevector.CosineDistanceMeasureFactory
2025-09-29 20:00:25,026 : DEBUG : Node Repository Initializer :  : DistanceMeasureDescriptionFactory :  :  : Loading description for factory: class org.knime.base.distance.bytevector.CosineDistanceMeasureFactory
2025-09-29 20:00:25,026 : DEBUG : Node Repository Initializer :  : DistanceMeasureDescriptionFactory :  :  : Loading description for factory: class org.knime.base.distance.bytevector.CosineDistanceMeasureFactory
2025-09-29 20:00:25,033 : DEBUG : Node Repository Initializer :  : DistanceMeasureDescriptionFactory :  :  : Loading description for factory: class org.knime.base.distance.bytevector.PNormDistanceMeasureFactory
2025-09-29 20:00:25,033 : DEBUG : Node Repository Initializer :  : DistanceMeasureDescriptionFactory :  :  : Loading description for factory: class org.knime.base.distance.bytevector.PNormDistanceMeasureFactory
2025-09-29 20:00:25,036 : DEBUG : Node Repository Initializer :  : DistanceMeasureDescriptionFactory :  :  : Loading description for factory: class org.knime.base.distance.bytevector.PNormDistanceMeasureFactory
2025-09-29 20:00:25,036 : DEBUG : Node Repository Initializer :  : DistanceMeasureDescriptionFactory :  :  : Loading description for factory: class org.knime.base.distance.bytevector.PNormDistanceMeasureFactory
2025-09-29 20:00:25,036 : DEBUG : Node Repository Initializer :  : DistanceMeasureDescriptionFactory :  :  : Loading description for factory: class org.knime.base.distance.bytevector.ManhattanDistanceMeasureFactory
2025-09-29 20:00:25,038 : DEBUG : Node Repository Initializer :  : DistanceMeasureDescriptionFactory :  :  : Loading description for factory: class org.knime.base.distance.bytevector.ManhattanDistanceMeasureFactory
2025-09-29 20:00:25,038 : DEBUG : Node Repository Initializer :  : DistanceMeasureDescriptionFactory :  :  : Loading description for factory: class org.knime.base.distance.bytevector.ManhattanDistanceMeasureFactory
2025-09-29 20:00:25,040 : DEBUG : Node Repository Initializer :  : DistanceMeasureDescriptionFactory :  :  : Loading description for factory: class org.knime.base.distance.bytevector.ManhattanDistanceMeasureFactory
2025-09-29 20:00:25,097 : DEBUG : Node Repository Initializer :  : DistanceMeasureDescriptionFactory :  :  : Loading description for factory: class org.knime.distance.measure.bitvector.tversky.TverskyDistanceFactory
2025-09-29 20:00:25,098 : DEBUG : Node Repository Initializer :  : DistanceMeasureDescriptionFactory :  :  : Loading description for factory: class org.knime.distance.measure.bitvector.tversky.TverskyDistanceFactory
2025-09-29 20:00:25,098 : DEBUG : Node Repository Initializer :  : DistanceMeasureDescriptionFactory :  :  : Loading description for factory: class org.knime.distance.measure.bitvector.tversky.TverskyDistanceFactory
2025-09-29 20:00:25,100 : DEBUG : Node Repository Initializer :  : DistanceMeasureDescriptionFactory :  :  : Loading description for factory: class org.knime.distance.measure.bitvector.tversky.TverskyDistanceFactory
2025-09-29 20:00:25,101 : DEBUG : Node Repository Initializer :  : DistanceMeasureDescriptionFactory :  :  : Loading description for factory: class org.knime.distance.measure.bitvector.cosine.CosineDistanceFactory
2025-09-29 20:00:25,101 : DEBUG : Node Repository Initializer :  : DistanceMeasureDescriptionFactory :  :  : Loading description for factory: class org.knime.distance.measure.bitvector.cosine.CosineDistanceFactory
2025-09-29 20:00:25,101 : DEBUG : Node Repository Initializer :  : DistanceMeasureDescriptionFactory :  :  : Loading description for factory: class org.knime.distance.measure.bitvector.cosine.CosineDistanceFactory
2025-09-29 20:00:25,103 : DEBUG : Node Repository Initializer :  : DistanceMeasureDescriptionFactory :  :  : Loading description for factory: class org.knime.distance.measure.bitvector.cosine.CosineDistanceFactory
2025-09-29 20:00:25,222 : DEBUG : Node Repository Initializer :  : HiLiteHandler :  :  : Adding hilite translator to handler ad48be13-27a6-4282-a7eb-ff762c8ebde9
2025-09-29 20:00:25,251 : DEBUG : Node Repository Initializer :  : DistanceMeasureDescriptionFactory :  :  : Loading description for factory: class org.knime.distance.measure.string.jarowinkler.JaroWinklerDistanceFactory
2025-09-29 20:00:25,251 : DEBUG : Node Repository Initializer :  : DistanceMeasureDescriptionFactory :  :  : Loading description for factory: class org.knime.distance.measure.string.jarowinkler.JaroWinklerDistanceFactory
2025-09-29 20:00:25,251 : DEBUG : Node Repository Initializer :  : DistanceMeasureDescriptionFactory :  :  : Loading description for factory: class org.knime.distance.measure.string.jarowinkler.JaroWinklerDistanceFactory
2025-09-29 20:00:25,251 : DEBUG : Node Repository Initializer :  : DistanceMeasureDescriptionFactory :  :  : Loading description for factory: class org.knime.distance.measure.string.jarowinkler.JaroWinklerDistanceFactory
2025-09-29 20:00:25,251 : DEBUG : Node Repository Initializer :  : DistanceMeasureDescriptionFactory :  :  : Loading description for factory: class org.knime.distance.measure.string.tversky.TverskyDistanceFactory
2025-09-29 20:00:25,251 : DEBUG : Node Repository Initializer :  : DistanceMeasureDescriptionFactory :  :  : Loading description for factory: class org.knime.distance.measure.string.tversky.TverskyDistanceFactory
2025-09-29 20:00:25,251 : DEBUG : Node Repository Initializer :  : DistanceMeasureDescriptionFactory :  :  : Loading description for factory: class org.knime.distance.measure.string.tversky.TverskyDistanceFactory
2025-09-29 20:00:25,251 : DEBUG : Node Repository Initializer :  : DistanceMeasureDescriptionFactory :  :  : Loading description for factory: class org.knime.distance.measure.string.tversky.TverskyDistanceFactory
2025-09-29 20:00:25,251 : DEBUG : Node Repository Initializer :  : DistanceMeasureDescriptionFactory :  :  : Loading description for factory: class org.knime.distance.measure.string.levenshtein.LevenshteinDistanceFactory
2025-09-29 20:00:25,251 : DEBUG : Node Repository Initializer :  : DistanceMeasureDescriptionFactory :  :  : Loading description for factory: class org.knime.distance.measure.string.levenshtein.LevenshteinDistanceFactory
2025-09-29 20:00:25,251 : DEBUG : Node Repository Initializer :  : DistanceMeasureDescriptionFactory :  :  : Loading description for factory: class org.knime.distance.measure.string.levenshtein.LevenshteinDistanceFactory
2025-09-29 20:00:25,251 : DEBUG : Node Repository Initializer :  : DistanceMeasureDescriptionFactory :  :  : Loading description for factory: class org.knime.distance.measure.string.levenshtein.LevenshteinDistanceFactory
2025-09-29 20:00:25,299 : DEBUG : Node Repository Initializer :  : NodeSpecCache :  :  : Computing node specifications for KNIME Quick Forms
2025-09-29 20:00:25,934 : DEBUG : Node Repository Initializer :  : MoleculeSketcherRegistry :  :  : Added molecule sketcher 'org.knime.ext.js.molecule.Ketcher_2_7_2' from 'org.knime.ext.js'
2025-09-29 20:00:25,946 : DEBUG : Node Repository Initializer :  : NodeSpecCache :  :  : Computing node specifications for KNIME File Handling Nodes
2025-09-29 20:00:26,358 : DEBUG : Node Repository Initializer :  : ExtensionPoints :  :  : Loading executable extensions of extension point: org.knime.database.RowFilter
2025-09-29 20:00:26,366 : DEBUG : Node Repository Initializer :  : ExtensionPoints :  :  : Executable extension initializer has been created
2025-09-29 20:00:26,366 : DEBUG : Node Repository Initializer :  : ExtensionPoints :  :  : Executable is instance of MSAccessRowFilterInitializer
2025-09-29 20:00:26,371 : DEBUG : Node Repository Initializer :  : ExtensionPoints :  :  : Loading extensions of extension point: org.knime.database.DBType
2025-09-29 20:00:26,380 : DEBUG : Node Repository Initializer :  : DBTypeRegistry :  :  : Register database type: DBType(id=h2, name=H2, description=null)
2025-09-29 20:00:26,380 : DEBUG : Node Repository Initializer :  : DBTypeRegistry :  :  : Register database type: DBType(id=msaccess, name=Microsoft Access, description=null)
2025-09-29 20:00:26,386 : DEBUG : Node Repository Initializer :  : DBTypeRegistry :  :  : Register database type: DBType(id=mssqlserver, name=Microsoft SQL Server, description=null)
2025-09-29 20:00:26,386 : DEBUG : Node Repository Initializer :  : DBTypeRegistry :  :  : Register database type: DBType(id=mysql, name=MySQL, description=null)
2025-09-29 20:00:26,386 : DEBUG : Node Repository Initializer :  : DBTypeRegistry :  :  : Register database type: DBType(id=postgres, name=PostgreSQL, description=null)
2025-09-29 20:00:26,386 : DEBUG : Node Repository Initializer :  : DBTypeRegistry :  :  : Register database type: DBType(id=sqlite, name=SQLite, description=null)
2025-09-29 20:00:26,387 : DEBUG : Node Repository Initializer :  : DBTypeRegistry :  :  : Register database type: DBType(id=db2, name=IBM Db2, description=null)
2025-09-29 20:00:26,387 : DEBUG : Node Repository Initializer :  : DBTypeRegistry :  :  : Register database type: DBType(id=oracle, name=Oracle, description=null)
2025-09-29 20:00:26,387 : DEBUG : Node Repository Initializer :  : DBTypeRegistry :  :  : Register database type: DBType(id=saphana, name=SAP HANA, description=null)
2025-09-29 20:00:26,387 : DEBUG : Node Repository Initializer :  : DBTypeRegistry :  :  : Register database type: DBType(id=teradata, name=Teradata, description=null)
2025-09-29 20:00:26,387 : DEBUG : Node Repository Initializer :  : DBTypeRegistry :  :  : Register database type: DBType(id=vertica, name=Vertica, description=Vertica Analytics Platform)
2025-09-29 20:00:26,393 : DEBUG : Node Repository Initializer :  : ExtensionPoints :  :  : Executable extension initializer has been created
2025-09-29 20:00:26,393 : DEBUG : Node Repository Initializer :  : ExtensionPoints :  :  : Executable is instance of SQLiteRowFilterInitializer
2025-09-29 20:00:26,399 : DEBUG : Node Repository Initializer :  : ExtensionPoints :  :  : Executable extension initializer has been created
2025-09-29 20:00:26,399 : DEBUG : Node Repository Initializer :  : ExtensionPoints :  :  : Executable is instance of OracleRowFilterInitializer
2025-09-29 20:00:26,425 : DEBUG : Node Repository Initializer :  : MicrosoftAuthenticationPlugin :  :  : Failed to initialize the JAX-RS 1.x RuntimeDelegate. Provided error message: java.lang.ClassNotFoundException: com.sun.ws.rs.ext.RuntimeDelegateImpl cannot be found by javax.ws.rs.jsr311-api_1.1.1
2025-09-29 20:00:26,633 : INFO  : main :  : StringHistory :  :  : History file 'C:\Users\saiur\Documents\Equipo_MD_Knime\.metadata\knime\history_database_drivers.txt' does not exist.
2025-09-29 20:00:26,633 : INFO  : main :  : StringHistory :  :  : History file 'C:\Users\saiur\Documents\Equipo_MD_Knime\.metadata\knime\history_database_urls.txt' does not exist.
2025-09-29 20:00:26,633 : DEBUG : main :  : DatabaseConnectionSettings :  :  : Settings database timeout to 15 seconds
2025-09-29 20:00:26,634 : DEBUG : main :  : DatabaseConnectionSettings :  :  : Database concurrency (sync via database connection) is true.
2025-09-29 20:00:26,636 : DEBUG : main :  : KNIMECorePlugin :  :  : Setting KNIME max thread count to 32
2025-09-29 20:00:26,637 : DEBUG : main :  : KNIMECorePlugin :  :  : Setting KNIME temp dir to "C:\Users\saiur\AppData\Local\Temp"
2025-09-29 20:03:32,331 : WARN  : KNIME-Worker-4-Bar Chart (JavaScript) (legacy) 3:2 :  : Node : Bar Chart (JavaScript) (legacy) : 3:2 : The following data columns have missing values, which were ignored during the aggregation:
    sex - 11 missing value(s)
